<?xml version="1.0" encoding="UTF-8"?>
<!-- Generated by org.testng.reporters.JUnitXMLReporter -->
<testsuite hostname="DESKTOP-14D6M7T" ignored="0" name="Default test" tests="9" failures="0" timestamp="04 Sep 2022 08:43:18 GMT" time="89.733" errors="0">
  <testcase name="tc2" time="3.755" classname="org.utilities.TestngDataprovider"/>
  <testcase name="tc2" time="4.092" classname="org.utilities.TestngDataprovider"/>
  <testcase name="tc2" time="4.223" classname="org.utilities.TestngDataprovider"/>
  <testcase name="tc3" time="3.69" classname="org.utilities.TestngDataprovider"/>
  <testcase name="tc3" time="3.603" classname="org.utilities.TestngDataprovider"/>
  <testcase name="tc3" time="3.677" classname="org.utilities.TestngDataprovider"/>
  <testcase name="tc1" time="3.615" classname="org.utilities.TestngDataprovider"/>
  <testcase name="tc1" time="3.665" classname="org.utilities.TestngDataprovider"/>
  <testcase name="tc1" time="3.735" classname="org.utilities.TestngDataprovider"/>
</testsuite> <!-- Default test -->
