<?xml version="1.0" encoding="UTF-8"?>
<!-- Generated by org.testng.reporters.JUnitXMLReporter -->
<testsuite hostname="DESKTOP-14D6M7T" ignored="2" name="Test" tests="4" failures="0" timestamp="06 Sep 2022 11:00:16 GMT" time="119.056" errors="0">
  <testcase name="tc2" time="16.761" classname="org.utilities.TestngGroupInclude"/>
  <testcase name="tc3" time="19.667" classname="org.utilities.TestngGroupInclude"/>
  <testcase name="tc4" time="19.001" classname="org.utilities.TestngGroupInclude"/>
  <testcase name="tc5" time="17.797" classname="org.utilities.TestngGroupInclude"/>
  <testcase name="tc1" time="0.0" classname="org.utilities.TestngGroupInclude">
    <ignored/>
  </testcase> <!-- tc1 -->
  <testcase name="tc6" time="0.0" classname="org.utilities.TestngGroupInclude">
    <ignored/>
  </testcase> <!-- tc6 -->
</testsuite> <!-- Test -->
